TN:
SF:usages/dayjs_usage.js
FN:17,(anonymous_0)
FN:20,(anonymous_1)
FN:23,(anonymous_2)
FN:28,(anonymous_3)
FN:34,(anonymous_4)
FN:39,(anonymous_5)
FN:45,(anonymous_6)
FNF:7
FNH:7
FNDA:1,(anonymous_0)
FNDA:2,(anonymous_1)
FNDA:2,(anonymous_2)
FNDA:1,(anonymous_3)
FNDA:2,(anonymous_4)
FNDA:1,(anonymous_5)
FNDA:2,(anonymous_6)
DA:1,1
DA:3,1
DA:4,1
DA:6,1
DA:7,1
DA:9,1
DA:10,1
DA:12,1
DA:13,1
DA:18,1
DA:21,2
DA:24,2
DA:29,1
DA:35,2
DA:36,2
DA:37,2
DA:40,1
DA:41,1
DA:43,1
DA:46,2
DA:47,2
DA:48,2
DA:50,2
DA:54,1
LF:24
LH:24
BRDA:17,0,0,1
BRDA:18,1,0,0
BRDA:18,1,1,1
BRDA:20,2,0,2
BRDA:21,3,0,0
BRDA:21,3,1,2
BRDA:23,4,0,1
BRDA:23,5,0,2
BRDA:25,6,0,1
BRDA:25,6,1,1
BRDA:26,7,0,0
BRDA:26,7,1,2
BRDA:28,8,0,1
BRDA:28,9,0,1
BRDA:30,10,0,0
BRDA:30,10,1,1
BRDA:32,11,0,0
BRDA:32,11,1,1
BRDA:34,12,0,2
BRDA:34,13,0,2
BRDA:35,14,0,0
BRDA:35,14,1,2
BRDA:37,15,0,0
BRDA:37,15,1,2
BRF:24
BRH:17
end_of_record
